Info: Generated by version: 18.1 build 222
Info: Starting: Create block symbol file (.bsf)
Info: qsys-generate /home/sai-ganesh/projects/posit-fpga/fpga/soc/arria10/ip/qsys_top/reset_pio.ip --block-symbol-file --output-directory=/home/sai-ganesh/projects/posit-fpga/fpga/soc/arria10/ip/qsys_top/reset_pio --family="Arria 10" --part=10AS066N3F40E2SG
Info: qsys-generate succeeded.
Info: Finished: Create block symbol file (.bsf)
Info: 
Info: Starting: Create HDL design files for synthesis
Info: qsys-generate /home/sai-ganesh/projects/posit-fpga/fpga/soc/arria10/ip/qsys_top/reset_pio.ip --synthesis=VERILOG --output-directory=/home/sai-ganesh/projects/posit-fpga/fpga/soc/arria10/ip/qsys_top/reset_pio --family="Arria 10" --part=10AS066N3F40E2SG
Info: reset_pio: "Transforming system: reset_pio"
Info: reset_pio: "Naming system components in system: reset_pio"
Info: reset_pio: "Processing generation queue"
Info: reset_pio: "Generating: reset_pio"
Info: reset_pio: "Generating: reset_pio_altera_avalon_pio_181_efkiieq"
Info: reset_pio: Starting RTL generation for module 'reset_pio_altera_avalon_pio_181_efkiieq'
Info: reset_pio:   Generation command is [exec /home/sai-ganesh/intelFPGA_pro/18.1/quartus/linux64/perl/bin/perl -I /home/sai-ganesh/intelFPGA_pro/18.1/quartus/linux64/perl/lib -I /home/sai-ganesh/intelFPGA_pro/18.1/quartus/sopc_builder/bin/europa -I /home/sai-ganesh/intelFPGA_pro/18.1/quartus/sopc_builder/bin/perl_lib -I /home/sai-ganesh/intelFPGA_pro/18.1/quartus/sopc_builder/bin -I /home/sai-ganesh/intelFPGA_pro/18.1/quartus/../ip/altera/sopc_builder_ip/common -I /home/sai-ganesh/intelFPGA_pro/18.1/quartus/../ip/altera/sopc_builder_ip/altera_avalon_pio -- /home/sai-ganesh/intelFPGA_pro/18.1/quartus/../ip/altera/sopc_builder_ip/altera_avalon_pio/generate_rtl.pl --name=reset_pio_altera_avalon_pio_181_efkiieq --dir=/tmp/alt8138_5844391680760311574.dir/0003_reset_pio_gen/ --quartus_dir=/home/sai-ganesh/intelFPGA_pro/18.1/quartus --verilog --config=/tmp/alt8138_5844391680760311574.dir/0003_reset_pio_gen//reset_pio_altera_avalon_pio_181_efkiieq_component_configuration.pl  --do_build_sim=0  ]
Info: reset_pio: Done RTL generation for module 'reset_pio_altera_avalon_pio_181_efkiieq'
Info: reset_pio: Done "reset_pio" with 2 modules, 2 files
Info: qsys-generate succeeded.
Info: Finished: Create HDL design files for synthesis
Info: Starting: Generate IP Core Documentation
Info: No documentation filesets were found for components in reset_pio. No files generated.
Info: Finished: Generate IP Core Documentation
