Info: Generated by version: 18.1 build 222
Info: Starting: Create block symbol file (.bsf)
Info: qsys-generate /home/bhimsenp/Projects/rfi-filter/soc/arria/ip/qsys_top/fpga_m.ip --block-symbol-file --output-directory=/home/bhimsenp/Projects/rfi-filter/soc/arria/ip/qsys_top/fpga_m --family="Arria 10" --part=10AS066N3F40E2SG
Info: qsys-generate succeeded.
Info: Finished: Create block symbol file (.bsf)
Info: 
Info: Starting: Create HDL design files for synthesis
Info: qsys-generate /home/bhimsenp/Projects/rfi-filter/soc/arria/ip/qsys_top/fpga_m.ip --synthesis=VERILOG --output-directory=/home/bhimsenp/Projects/rfi-filter/soc/arria/ip/qsys_top/fpga_m --family="Arria 10" --part=10AS066N3F40E2SG
Info: fpga_m: "Transforming system: fpga_m"
Info: fpga_m: "Naming system components in system: fpga_m"
Info: fpga_m: "Processing generation queue"
Info: fpga_m: "Generating: fpga_m"
Info: fpga_m: "Generating: fpga_m_altera_jtag_avalon_master_181_2tlssti"
Info: fpga_m: "Generating: altera_avalon_st_jtag_interface"
Info: fpga_m: "Generating: fpga_m_timing_adapter_181_5bygnli"
Info: fpga_m: "Generating: fpga_m_altera_avalon_sc_fifo_181_hseo73i"
Info: fpga_m: "Generating: altera_avalon_st_bytes_to_packets"
Info: fpga_m: "Generating: altera_avalon_st_packets_to_bytes"
Info: fpga_m: "Generating: altera_avalon_packets_to_master"
Info: fpga_m: "Generating: fpga_m_channel_adapter_181_brosi3y"
Info: fpga_m: "Generating: fpga_m_channel_adapter_181_imsynky"
Info: fpga_m: "Generating: altera_reset_controller"
Info: fpga_m: Done "fpga_m" with 11 modules, 23 files
Info: qsys-generate succeeded.
Info: Finished: Create HDL design files for synthesis
