Info: Generated by version: 18.1 build 222
Info: Starting: Create block symbol file (.bsf)
Info: qsys-generate /home/sai-ganesh/projects/posit-fpga/fpga/soc/arria10/ip/qsys_top/qsys_top_onchip_memory2_0.ip --block-symbol-file --output-directory=/home/sai-ganesh/projects/posit-fpga/fpga/soc/arria10/ip/qsys_top/qsys_top_onchip_memory2_0 --family="Arria 10" --part=10AS066N3F40E2SG
Info: qsys-generate succeeded.
Info: Finished: Create block symbol file (.bsf)
Info: 
Info: Starting: Create HDL design files for synthesis
Info: qsys-generate /home/sai-ganesh/projects/posit-fpga/fpga/soc/arria10/ip/qsys_top/qsys_top_onchip_memory2_0.ip --synthesis=VERILOG --output-directory=/home/sai-ganesh/projects/posit-fpga/fpga/soc/arria10/ip/qsys_top/qsys_top_onchip_memory2_0 --family="Arria 10" --part=10AS066N3F40E2SG
Info: qsys_top_onchip_memory2_0: "Transforming system: qsys_top_onchip_memory2_0"
Info: qsys_top_onchip_memory2_0: "Naming system components in system: qsys_top_onchip_memory2_0"
Info: qsys_top_onchip_memory2_0: "Processing generation queue"
Info: qsys_top_onchip_memory2_0: "Generating: qsys_top_onchip_memory2_0"
Info: qsys_top_onchip_memory2_0: "Generating: qsys_top_onchip_memory2_0_altera_avalon_onchip_memory2_181_t3dhtpy"
Info: onchip_memory2_0: Starting RTL generation for module 'qsys_top_onchip_memory2_0_altera_avalon_onchip_memory2_181_t3dhtpy'
Info: onchip_memory2_0:   Generation command is [exec /home/sai-ganesh/intelFPGA_pro/18.1/quartus/linux64/perl/bin/perl -I /home/sai-ganesh/intelFPGA_pro/18.1/quartus/linux64/perl/lib -I /home/sai-ganesh/intelFPGA_pro/18.1/quartus/sopc_builder/bin/europa -I /home/sai-ganesh/intelFPGA_pro/18.1/quartus/sopc_builder/bin/perl_lib -I /home/sai-ganesh/intelFPGA_pro/18.1/quartus/sopc_builder/bin -I /home/sai-ganesh/intelFPGA_pro/18.1/quartus/../ip/altera/sopc_builder_ip/common -I /home/sai-ganesh/intelFPGA_pro/18.1/quartus/../ip/altera/sopc_builder_ip/altera_avalon_onchip_memory2 -- /home/sai-ganesh/intelFPGA_pro/18.1/quartus/../ip/altera/sopc_builder_ip/altera_avalon_onchip_memory2/generate_rtl.pl --name=qsys_top_onchip_memory2_0_altera_avalon_onchip_memory2_181_t3dhtpy --dir=/tmp/alt8145_4987005404108826092.dir/0002_onchip_memory2_0_gen/ --quartus_dir=/home/sai-ganesh/intelFPGA_pro/18.1/quartus --verilog --config=/tmp/alt8145_4987005404108826092.dir/0002_onchip_memory2_0_gen//qsys_top_onchip_memory2_0_altera_avalon_onchip_memory2_181_t3dhtpy_component_configuration.pl  --do_build_sim=0  ]
Info: onchip_memory2_0: Done RTL generation for module 'qsys_top_onchip_memory2_0_altera_avalon_onchip_memory2_181_t3dhtpy'
Info: qsys_top_onchip_memory2_0: Done "qsys_top_onchip_memory2_0" with 2 modules, 3 files
Info: qsys-generate succeeded.
Info: Finished: Create HDL design files for synthesis
Info: Starting: Generate IP Core Documentation
Info: No documentation filesets were found for components in qsys_top_onchip_memory2_0. No files generated.
Info: Finished: Generate IP Core Documentation
