Info: Generated by version: 18.1 build 222
Info: Starting: Create block symbol file (.bsf)
Info: qsys-generate /home/bhimsenp/Projects/posit-fpga/FPGA/soc/arria10/ip/soc_system/soc_system_result.ip --block-symbol-file --output-directory=/home/bhimsenp/Projects/posit-fpga/FPGA/soc/arria10/ip/soc_system/soc_system_result --family="Arria 10" --part=10AS066N3F40E2SG
Info: soc_system_result.soc_system_result: PIO inputs are not hardwired in test bench. Undefined values will be read from PIO inputs during simulation.
Info: qsys-generate succeeded.
Info: Finished: Create block symbol file (.bsf)
Info: 
Info: Starting: Create HDL design files for synthesis
Info: qsys-generate /home/bhimsenp/Projects/posit-fpga/FPGA/soc/arria10/ip/soc_system/soc_system_result.ip --synthesis=VERILOG --output-directory=/home/bhimsenp/Projects/posit-fpga/FPGA/soc/arria10/ip/soc_system/soc_system_result --family="Arria 10" --part=10AS066N3F40E2SG
Info: soc_system_result.soc_system_result: PIO inputs are not hardwired in test bench. Undefined values will be read from PIO inputs during simulation.
Info: soc_system_result: "Transforming system: soc_system_result"
Info: soc_system_result: "Naming system components in system: soc_system_result"
Info: soc_system_result: "Processing generation queue"
Info: soc_system_result: "Generating: soc_system_result"
Info: soc_system_result: "Generating: soc_system_result_altera_avalon_pio_181_wnfkwui"
Info: soc_system_result: Starting RTL generation for module 'soc_system_result_altera_avalon_pio_181_wnfkwui'
Info: soc_system_result:   Generation command is [exec /home/bhimsenp/intelFPGA_pro/18.1/quartus/linux64/perl/bin/perl -I /home/bhimsenp/intelFPGA_pro/18.1/quartus/linux64/perl/lib -I /home/bhimsenp/intelFPGA_pro/18.1/quartus/sopc_builder/bin/europa -I /home/bhimsenp/intelFPGA_pro/18.1/quartus/sopc_builder/bin/perl_lib -I /home/bhimsenp/intelFPGA_pro/18.1/quartus/sopc_builder/bin -I /home/bhimsenp/intelFPGA_pro/18.1/quartus/../ip/altera/sopc_builder_ip/common -I /home/bhimsenp/intelFPGA_pro/18.1/quartus/../ip/altera/sopc_builder_ip/altera_avalon_pio -- /home/bhimsenp/intelFPGA_pro/18.1/quartus/../ip/altera/sopc_builder_ip/altera_avalon_pio/generate_rtl.pl --name=soc_system_result_altera_avalon_pio_181_wnfkwui --dir=/tmp/alt8095_8502461213673295508.dir/0032_soc_system_result_gen/ --quartus_dir=/home/bhimsenp/intelFPGA_pro/18.1/quartus --verilog --config=/tmp/alt8095_8502461213673295508.dir/0032_soc_system_result_gen//soc_system_result_altera_avalon_pio_181_wnfkwui_component_configuration.pl  --do_build_sim=0  ]
Info: soc_system_result: Done RTL generation for module 'soc_system_result_altera_avalon_pio_181_wnfkwui'
Info: soc_system_result: Done "soc_system_result" with 2 modules, 2 files
Info: qsys-generate succeeded.
Info: Finished: Create HDL design files for synthesis
Info: Starting: Generate IP Core Documentation
Info: No documentation filesets were found for components in soc_system_result. No files generated.
Info: Finished: Generate IP Core Documentation
